<?xml version="1.0" encoding="UTF-8"?>
<!-- Generated by org.testng.reporters.JUnitXMLReporter -->
<testsuite ignored="2" hostname="mrgrtrt" failures="0" tests="1" name="Surefire test" time="10.209" errors="0" timestamp="2022-10-04T01:29:35 MSK">
  <testcase classname="AmazonTest" name="verifyAboutThisItemTextTest" time="9.958"/>
  <testcase classname="BaseTest" name="@BeforeSuite initBrowser" time="0.0">
    <ignored/>
  </testcase> <!-- @BeforeSuite initBrowser -->
  <testcase classname="BaseTest" name="@AfterSuite tearDown" time="0.0">
    <ignored/>
  </testcase> <!-- @AfterSuite tearDown -->
</testsuite> <!-- Surefire test -->
