<?xml version="1.0" encoding="UTF-8"?>
<testng-results ignored="2" total="3" passed="1" failed="0" skipped="0">
  <reporter-output>
  </reporter-output>
  <suite started-at="2022-10-04T01:29:25 MSK" name="Surefire suite" finished-at="2022-10-04T01:29:35 MSK" duration-ms="10209">
    <groups>
    </groups>
    <test started-at="2022-10-04T01:29:25 MSK" name="Surefire test" finished-at="2022-10-04T01:29:35 MSK" duration-ms="10209">
      <class name="AmazonTest">
        <test-method is-config="true" signature="initBrowser()[pri:0, instance:AmazonTest@72be135f]" started-at="2022-10-04T01:29:19 MSK" name="initBrowser" finished-at="2022-10-04T01:29:25 MSK" duration-ms="6213" status="PASS">
          <reporter-output>
          </reporter-output>
        </test-method> <!-- initBrowser -->
        <test-method signature="verifyAboutThisItemTextTest()[pri:0, instance:AmazonTest@72be135f]" started-at="2022-10-04T01:29:25 MSK" name="verifyAboutThisItemTextTest" description="Filter results and log product description to Allure report" finished-at="2022-10-04T01:29:35 MSK" duration-ms="9958" status="PASS">
          <reporter-output>
          </reporter-output>
        </test-method> <!-- verifyAboutThisItemTextTest -->
        <test-method is-config="true" signature="tearDown()[pri:0, instance:AmazonTest@72be135f]" started-at="2022-10-04T01:29:35 MSK" name="tearDown" finished-at="2022-10-04T01:29:35 MSK" duration-ms="38" status="PASS">
          <reporter-output>
          </reporter-output>
        </test-method> <!-- tearDown -->
      </class> <!-- AmazonTest -->
    </test> <!-- Surefire test -->
  </suite> <!-- Surefire suite -->
</testng-results>
